#
# There is insufficient memory for the Java Runtime Environment to continue.
# Native memory allocation (malloc) failed to allocate 47008 bytes. Error detail: Chunk::new
# Possible reasons:
#   The system is out of physical RAM or swap space
#   This process is running with CompressedOops enabled, and the Java Heap may be blocking the growth of the native heap
# Possible solutions:
#   Reduce memory load on the system
#   Increase physical memory or swap space
#   Check if swap backing store is full
#   Decrease Java heap size (-Xmx/-Xms)
#   Decrease number of Java threads
#   Decrease Java thread stack sizes (-Xss)
#   Set larger code cache with -XX:ReservedCodeCacheSize=
#   JVM is running with Zero Based Compressed Oops mode in which the Java heap is
#     placed in the first 32GB address space. The Java Heap base address is the
#     maximum limit for the native heap growth. Please use -XX:HeapBaseMinAddress
#     to set the Java Heap base and to place the Java Heap above 32GB virtual address.
# This output file may be truncated or incomplete.
#
#  Out of Memory Error (arena.cpp:191), pid=15376, tid=22276
#
# JRE version: OpenJDK Runtime Environment Corretto-17.0.15.6.1 (17.0.15+6) (build 17.0.15+6-LTS)
# Java VM: OpenJDK 64-Bit Server VM Corretto-17.0.15.6.1 (17.0.15+6-LTS, mixed mode, sharing, tiered, compressed oops, compressed class ptrs, g1 gc, windows-amd64)
# No core dump will be written. Minidumps are not enabled by default on client versions of Windows
#

---------------  S U M M A R Y ------------

Command Line: -Dfile.encoding=UTF-8 -Dstdout.encoding=UTF-8 -Dstderr.encoding=UTF-8 -XX:+ShowCodeDetailsInExceptionMessages com.studnetmentor.student_mentor_backend.StudentMentorBackendApplication

Host: 11th Gen Intel(R) Core(TM) i7-1165G7 @ 2.80GHz, 8 cores, 15G,  Windows 11 , 64 bit Build 22621 (10.0.22621.5415)
Time: Fri Dec  5 17:08:49 2025 India Standard Time elapsed time: 0.150330 seconds (0d 0h 0m 0s)

---------------  T H R E A D  ---------------

Current thread (0x000001a27c683a60):  JavaThread "C2 CompilerThread0" daemon [_thread_in_native, id=22276, stack(0x000000905bc00000,0x000000905bd00000)]


Current CompileTask:
C2:    150  296 %     4       java.lang.StringCoding::hasNegatives @ 2 (25 bytes)

Stack: [0x000000905bc00000,0x000000905bd00000]
Native frames: (J=compiled Java code, j=interpreted, Vv=VM code, C=native code)
V  [jvm.dll+0x681149]
V  [jvm.dll+0x838b5a]
V  [jvm.dll+0x83a61e]
V  [jvm.dll+0x83ac83]
V  [jvm.dll+0x24837f]
V  [jvm.dll+0xaca54]
V  [jvm.dll+0xad09c]
V  [jvm.dll+0x367a37]
V  [jvm.dll+0x331dda]
V  [jvm.dll+0x33127a]
V  [jvm.dll+0x21a8c1]
V  [jvm.dll+0x219d01]
V  [jvm.dll+0x1a59fd]
V  [jvm.dll+0x229a5d]
V  [jvm.dll+0x227bec]
V  [jvm.dll+0x7eda37]
V  [jvm.dll+0x7e7f8c]
V  [jvm.dll+0x680017]
C  [ucrtbase.dll+0x29333]
C  [KERNEL32.DLL+0x1259d]
C  [ntdll.dll+0x5af78]


---------------  P R O C E S S  ---------------

Threads class SMR info:
_java_thread_list=0x000001a27c9c22f0, length=14, elements={
0x000001a2577ca660, 0x000001a27c6530b0, 0x000001a27c654290, 0x000001a27c666850,
0x000001a27c66b330, 0x000001a27c66de00, 0x000001a27c670fe0, 0x000001a27c683a60,
0x000001a27c6a4930, 0x000001a27c6adb00, 0x000001a27c7cf370, 0x000001a27c7ddcd0,
0x000001a27c8f5730, 0x000001a27c8f5c50
}

Java Threads: ( => current thread )
  0x000001a2577ca660 JavaThread "main" [_thread_in_vm, id=13136, stack(0x000000905af00000,0x000000905b000000)]
  0x000001a27c6530b0 JavaThread "Reference Handler" daemon [_thread_blocked, id=11136, stack(0x000000905b600000,0x000000905b700000)]
  0x000001a27c654290 JavaThread "Finalizer" daemon [_thread_blocked, id=8348, stack(0x000000905b700000,0x000000905b800000)]
  0x000001a27c666850 JavaThread "Signal Dispatcher" daemon [_thread_blocked, id=16724, stack(0x000000905b800000,0x000000905b900000)]
  0x000001a27c66b330 JavaThread "Attach Listener" daemon [_thread_blocked, id=21412, stack(0x000000905b900000,0x000000905ba00000)]
  0x000001a27c66de00 JavaThread "Service Thread" daemon [_thread_blocked, id=8796, stack(0x000000905ba00000,0x000000905bb00000)]
  0x000001a27c670fe0 JavaThread "Monitor Deflation Thread" daemon [_thread_blocked, id=7436, stack(0x000000905bb00000,0x000000905bc00000)]
=>0x000001a27c683a60 JavaThread "C2 CompilerThread0" daemon [_thread_in_native, id=22276, stack(0x000000905bc00000,0x000000905bd00000)]
  0x000001a27c6a4930 JavaThread "C1 CompilerThread0" daemon [_thread_blocked, id=6000, stack(0x000000905bd00000,0x000000905be00000)]
  0x000001a27c6adb00 JavaThread "Sweeper thread" daemon [_thread_blocked, id=16604, stack(0x000000905be00000,0x000000905bf00000)]
  0x000001a27c7cf370 JavaThread "Notification Thread" daemon [_thread_blocked, id=1932, stack(0x000000905bf00000,0x000000905c000000)]
  0x000001a27c7ddcd0 JavaThread "Common-Cleaner" daemon [_thread_blocked, id=2948, stack(0x000000905c100000,0x000000905c200000)]
  0x000001a27c8f5730 JavaThread "C2 CompilerThread1" daemon [_thread_blocked, id=17016, stack(0x000000905c200000,0x000000905c300000)]
  0x000001a27c8f5c50 JavaThread "C2 CompilerThread2" daemon [_thread_blocked, id=23732, stack(0x000000905c300000,0x000000905c400000)]

Other Threads:
  0x000001a27c64abb0 VMThread "VM Thread" [stack: 0x000000905b500000,0x000000905b600000] [id=17492]
  0x000001a27c7cf850 WatcherThread [stack: 0x000000905c000000,0x000000905c100000] [id=9368]
  0x000001a2578365d0 GCTaskThread "GC Thread#0" [stack: 0x000000905b000000,0x000000905b100000] [id=8004]
  0x000001a257847ee0 ConcurrentGCThread "G1 Main Marker" [stack: 0x000000905b100000,0x000000905b200000] [id=9792]
  0x000001a257848900 ConcurrentGCThread "G1 Conc#0" [stack: 0x000000905b200000,0x000000905b300000] [id=17248]
  0x000001a25786e4a0 ConcurrentGCThread "G1 Refine#0" [stack: 0x000000905b300000,0x000000905b400000] [id=15472]
  0x000001a27c504250 ConcurrentGCThread "G1 Service" [stack: 0x000000905b400000,0x000000905b500000] [id=21384]

Threads with active compile tasks:
C2 CompilerThread0      166  296 %     4       java.lang.StringCoding::hasNegatives @ 2 (25 bytes)

VM state: not at safepoint (normal execution)

VM Mutex/Monitor currently owned by a thread:  ([mutex/lock_event])
[0x000001a2577c4f00] Metaspace_lock - owner thread: 0x000001a2577ca660

Heap address: 0x0000000703e00000, size: 4034 MB, Compressed Oops mode: Zero based, Oop shift amount: 3

CDS archive(s) mapped at: [0x000001a200000000-0x000001a200bb0000-0x000001a200bb0000), size 12255232, SharedBaseAddress: 0x000001a200000000, ArchiveRelocationMode: 1.
Compressed class space mapped at: 0x000001a201000000-0x000001a241000000, reserved size: 1073741824
Narrow klass base: 0x000001a200000000, Narrow klass shift: 0, Narrow klass range: 0x100000000

GC Precious Log:
 CPUs: 8 total, 8 available
 Memory: 16129M
 Large Page Support: Disabled
 NUMA Support: Disabled
 Compressed Oops: Enabled (Zero based)
 Heap Region Size: 2M
 Heap Min Capacity: 8M
 Heap Initial Capacity: 254M
 Heap Max Capacity: 4034M
 Pre-touch: Disabled
 Parallel Workers: 8
 Concurrent Workers: 2
 Concurrent Refinement Workers: 8
 Periodic GC: Disabled

Heap:
 garbage-first heap   total 260096K, used 6144K [0x0000000703e00000, 0x0000000800000000)
  region size 2048K, 5 young (10240K), 0 survivors (0K)
 Metaspace       used 792K, committed 896K, reserved 1114112K
  class space    used 42K, committed 128K, reserved 1048576K

Heap Regions: E=young(eden), S=young(survivor), O=old, HS=humongous(starts), HC=humongous(continues), CS=collection set, F=free, OA=open archive, CA=closed archive, TAMS=top-at-mark-start (previous, next)
|   0|0x0000000703e00000, 0x0000000703e00000, 0x0000000704000000|  0%| F|  |TAMS 0x0000000703e00000, 0x0000000703e00000| Untracked 
|   1|0x0000000704000000, 0x0000000704000000, 0x0000000704200000|  0%| F|  |TAMS 0x0000000704000000, 0x0000000704000000| Untracked 
|   2|0x0000000704200000, 0x0000000704200000, 0x0000000704400000|  0%| F|  |TAMS 0x0000000704200000, 0x0000000704200000| Untracked 
|   3|0x0000000704400000, 0x0000000704400000, 0x0000000704600000|  0%| F|  |TAMS 0x0000000704400000, 0x0000000704400000| Untracked 
|   4|0x0000000704600000, 0x0000000704600000, 0x0000000704800000|  0%| F|  |TAMS 0x0000000704600000, 0x0000000704600000| Untracked 
|   5|0x0000000704800000, 0x0000000704800000, 0x0000000704a00000|  0%| F|  |TAMS 0x0000000704800000, 0x0000000704800000| Untracked 
|   6|0x0000000704a00000, 0x0000000704a00000, 0x0000000704c00000|  0%| F|  |TAMS 0x0000000704a00000, 0x0000000704a00000| Untracked 
|   7|0x0000000704c00000, 0x0000000704c00000, 0x0000000704e00000|  0%| F|  |TAMS 0x0000000704c00000, 0x0000000704c00000| Untracked 
|   8|0x0000000704e00000, 0x0000000704e00000, 0x0000000705000000|  0%| F|  |TAMS 0x0000000704e00000, 0x0000000704e00000| Untracked 
|   9|0x0000000705000000, 0x0000000705000000, 0x0000000705200000|  0%| F|  |TAMS 0x0000000705000000, 0x0000000705000000| Untracked 
|  10|0x0000000705200000, 0x0000000705200000, 0x0000000705400000|  0%| F|  |TAMS 0x0000000705200000, 0x0000000705200000| Untracked 
|  11|0x0000000705400000, 0x0000000705400000, 0x0000000705600000|  0%| F|  |TAMS 0x0000000705400000, 0x0000000705400000| Untracked 
|  12|0x0000000705600000, 0x0000000705600000, 0x0000000705800000|  0%| F|  |TAMS 0x0000000705600000, 0x0000000705600000| Untracked 
|  13|0x0000000705800000, 0x0000000705800000, 0x0000000705a00000|  0%| F|  |TAMS 0x0000000705800000, 0x0000000705800000| Untracked 
|  14|0x0000000705a00000, 0x0000000705a00000, 0x0000000705c00000|  0%| F|  |TAMS 0x0000000705a00000, 0x0000000705a00000| Untracked 
|  15|0x0000000705c00000, 0x0000000705c00000, 0x0000000705e00000|  0%| F|  |TAMS 0x0000000705c00000, 0x0000000705c00000| Untracked 
|  16|0x0000000705e00000, 0x0000000705e00000, 0x0000000706000000|  0%| F|  |TAMS 0x0000000705e00000, 0x0000000705e00000| Untracked 
|  17|0x0000000706000000, 0x0000000706000000, 0x0000000706200000|  0%| F|  |TAMS 0x0000000706000000, 0x0000000706000000| Untracked 
|  18|0x0000000706200000, 0x0000000706200000, 0x0000000706400000|  0%| F|  |TAMS 0x0000000706200000, 0x0000000706200000| Untracked 
|  19|0x0000000706400000, 0x0000000706400000, 0x0000000706600000|  0%| F|  |TAMS 0x0000000706400000, 0x0000000706400000| Untracked 
|  20|0x0000000706600000, 0x0000000706600000, 0x0000000706800000|  0%| F|  |TAMS 0x0000000706600000, 0x0000000706600000| Untracked 
|  21|0x0000000706800000, 0x0000000706800000, 0x0000000706a00000|  0%| F|  |TAMS 0x0000000706800000, 0x0000000706800000| Untracked 
|  22|0x0000000706a00000, 0x0000000706a00000, 0x0000000706c00000|  0%| F|  |TAMS 0x0000000706a00000, 0x0000000706a00000| Untracked 
|  23|0x0000000706c00000, 0x0000000706c00000, 0x0000000706e00000|  0%| F|  |TAMS 0x0000000706c00000, 0x0000000706c00000| Untracked 
|  24|0x0000000706e00000, 0x0000000706e00000, 0x0000000707000000|  0%| F|  |TAMS 0x0000000706e00000, 0x0000000706e00000| Untracked 
|  25|0x0000000707000000, 0x0000000707000000, 0x0000000707200000|  0%| F|  |TAMS 0x0000000707000000, 0x0000000707000000| Untracked 
|  26|0x0000000707200000, 0x0000000707200000, 0x0000000707400000|  0%| F|  |TAMS 0x0000000707200000, 0x0000000707200000| Untracked 
|  27|0x0000000707400000, 0x0000000707400000, 0x0000000707600000|  0%| F|  |TAMS 0x0000000707400000, 0x0000000707400000| Untracked 
|  28|0x0000000707600000, 0x0000000707600000, 0x0000000707800000|  0%| F|  |TAMS 0x0000000707600000, 0x0000000707600000| Untracked 
|  29|0x0000000707800000, 0x0000000707800000, 0x0000000707a00000|  0%| F|  |TAMS 0x0000000707800000, 0x0000000707800000| Untracked 
|  30|0x0000000707a00000, 0x0000000707a00000, 0x0000000707c00000|  0%| F|  |TAMS 0x0000000707a00000, 0x0000000707a00000| Untracked 
|  31|0x0000000707c00000, 0x0000000707c00000, 0x0000000707e00000|  0%| F|  |TAMS 0x0000000707c00000, 0x0000000707c00000| Untracked 
|  32|0x0000000707e00000, 0x0000000707e00000, 0x0000000708000000|  0%| F|  |TAMS 0x0000000707e00000, 0x0000000707e00000| Untracked 
|  33|0x0000000708000000, 0x0000000708000000, 0x0000000708200000|  0%| F|  |TAMS 0x0000000708000000, 0x0000000708000000| Untracked 
|  34|0x0000000708200000, 0x0000000708200000, 0x0000000708400000|  0%| F|  |TAMS 0x0000000708200000, 0x0000000708200000| Untracked 
|  35|0x0000000708400000, 0x0000000708400000, 0x0000000708600000|  0%| F|  |TAMS 0x0000000708400000, 0x0000000708400000| Untracked 
|  36|0x0000000708600000, 0x0000000708600000, 0x0000000708800000|  0%| F|  |TAMS 0x0000000708600000, 0x0000000708600000| Untracked 
|  37|0x0000000708800000, 0x0000000708800000, 0x0000000708a00000|  0%| F|  |TAMS 0x0000000708800000, 0x0000000708800000| Untracked 
|  38|0x0000000708a00000, 0x0000000708a00000, 0x0000000708c00000|  0%| F|  |TAMS 0x0000000708a00000, 0x0000000708a00000| Untracked 
|  39|0x0000000708c00000, 0x0000000708c00000, 0x0000000708e00000|  0%| F|  |TAMS 0x0000000708c00000, 0x0000000708c00000| Untracked 
|  40|0x0000000708e00000, 0x0000000708e00000, 0x0000000709000000|  0%| F|  |TAMS 0x0000000708e00000, 0x0000000708e00000| Untracked 
|  41|0x0000000709000000, 0x0000000709000000, 0x0000000709200000|  0%| F|  |TAMS 0x0000000709000000, 0x0000000709000000| Untracked 
|  42|0x0000000709200000, 0x0000000709200000, 0x0000000709400000|  0%| F|  |TAMS 0x0000000709200000, 0x0000000709200000| Untracked 
|  43|0x0000000709400000, 0x0000000709400000, 0x0000000709600000|  0%| F|  |TAMS 0x0000000709400000, 0x0000000709400000| Untracked 
|  44|0x0000000709600000, 0x0000000709600000, 0x0000000709800000|  0%| F|  |TAMS 0x0000000709600000, 0x0000000709600000| Untracked 
|  45|0x0000000709800000, 0x0000000709800000, 0x0000000709a00000|  0%| F|  |TAMS 0x0000000709800000, 0x0000000709800000| Untracked 
|  46|0x0000000709a00000, 0x0000000709a00000, 0x0000000709c00000|  0%| F|  |TAMS 0x0000000709a00000, 0x0000000709a00000| Untracked 
|  47|0x0000000709c00000, 0x0000000709c00000, 0x0000000709e00000|  0%| F|  |TAMS 0x0000000709c00000, 0x0000000709c00000| Untracked 
|  48|0x0000000709e00000, 0x0000000709e00000, 0x000000070a000000|  0%| F|  |TAMS 0x0000000709e00000, 0x0000000709e00000| Untracked 
|  49|0x000000070a000000, 0x000000070a000000, 0x000000070a200000|  0%| F|  |TAMS 0x000000070a000000, 0x000000070a000000| Untracked 
|  50|0x000000070a200000, 0x000000070a200000, 0x000000070a400000|  0%| F|  |TAMS 0x000000070a200000, 0x000000070a200000| Untracked 
|  51|0x000000070a400000, 0x000000070a400000, 0x000000070a600000|  0%| F|  |TAMS 0x000000070a400000, 0x000000070a400000| Untracked 
|  52|0x000000070a600000, 0x000000070a600000, 0x000000070a800000|  0%| F|  |TAMS 0x000000070a600000, 0x000000070a600000| Untracked 
|  53|0x000000070a800000, 0x000000070a800000, 0x000000070aa00000|  0%| F|  |TAMS 0x000000070a800000, 0x000000070a800000| Untracked 
|  54|0x000000070aa00000, 0x000000070aa00000, 0x000000070ac00000|  0%| F|  |TAMS 0x000000070aa00000, 0x000000070aa00000| Untracked 
|  55|0x000000070ac00000, 0x000000070ac00000, 0x000000070ae00000|  0%| F|  |TAMS 0x000000070ac00000, 0x000000070ac00000| Untracked 
|  56|0x000000070ae00000, 0x000000070ae00000, 0x000000070b000000|  0%| F|  |TAMS 0x000000070ae00000, 0x000000070ae00000| Untracked 
|  57|0x000000070b000000, 0x000000070b000000, 0x000000070b200000|  0%| F|  |TAMS 0x000000070b000000, 0x000000070b000000| Untracked 
|  58|0x000000070b200000, 0x000000070b200000, 0x000000070b400000|  0%| F|  |TAMS 0x000000070b200000, 0x000000070b200000| Untracked 
|  59|0x000000070b400000, 0x000000070b400000, 0x000000070b600000|  0%| F|  |TAMS 0x000000070b400000, 0x000000070b400000| Untracked 
|  60|0x000000070b600000, 0x000000070b600000, 0x000000070b800000|  0%| F|  |TAMS 0x000000070b600000, 0x000000070b600000| Untracked 
|  61|0x000000070b800000, 0x000000070b800000, 0x000000070ba00000|  0%| F|  |TAMS 0x000000070b800000, 0x000000070b800000| Untracked 
|  62|0x000000070ba00000, 0x000000070ba00000, 0x000000070bc00000|  0%| F|  |TAMS 0x000000070ba00000, 0x000000070ba00000| Untracked 
|  63|0x000000070bc00000, 0x000000070bc00000, 0x000000070be00000|  0%| F|  |TAMS 0x000000070bc00000, 0x000000070bc00000| Untracked 
|  64|0x000000070be00000, 0x000000070be00000, 0x000000070c000000|  0%| F|  |TAMS 0x000000070be00000, 0x000000070be00000| Untracked 
|  65|0x000000070c000000, 0x000000070c000000, 0x000000070c200000|  0%| F|  |TAMS 0x000000070c000000, 0x000000070c000000| Untracked 
|  66|0x000000070c200000, 0x000000070c200000, 0x000000070c400000|  0%| F|  |TAMS 0x000000070c200000, 0x000000070c200000| Untracked 
|  67|0x000000070c400000, 0x000000070c400000, 0x000000070c600000|  0%| F|  |TAMS 0x000000070c400000, 0x000000070c400000| Untracked 
|  68|0x000000070c600000, 0x000000070c600000, 0x000000070c800000|  0%| F|  |TAMS 0x000000070c600000, 0x000000070c600000| Untracked 
|  69|0x000000070c800000, 0x000000070c800000, 0x000000070ca00000|  0%| F|  |TAMS 0x000000070c800000, 0x000000070c800000| Untracked 
|  70|0x000000070ca00000, 0x000000070ca00000, 0x000000070cc00000|  0%| F|  |TAMS 0x000000070ca00000, 0x000000070ca00000| Untracked 
|  71|0x000000070cc00000, 0x000000070cc00000, 0x000000070ce00000|  0%| F|  |TAMS 0x000000070cc00000, 0x000000070cc00000| Untracked 
|  72|0x000000070ce00000, 0x000000070ce00000, 0x000000070d000000|  0%| F|  |TAMS 0x000000070ce00000, 0x000000070ce00000| Untracked 
|  73|0x000000070d000000, 0x000000070d000000, 0x000000070d200000|  0%| F|  |TAMS 0x000000070d000000, 0x000000070d000000| Untracked 
|  74|0x000000070d200000, 0x000000070d200000, 0x000000070d400000|  0%| F|  |TAMS 0x000000070d200000, 0x000000070d200000| Untracked 
|  75|0x000000070d400000, 0x000000070d400000, 0x000000070d600000|  0%| F|  |TAMS 0x000000070d400000, 0x000000070d400000| Untracked 
|  76|0x000000070d600000, 0x000000070d600000, 0x000000070d800000|  0%| F|  |TAMS 0x000000070d600000, 0x000000070d600000| Untracked 
|  77|0x000000070d800000, 0x000000070d800000, 0x000000070da00000|  0%| F|  |TAMS 0x000000070d800000, 0x000000070d800000| Untracked 
|  78|0x000000070da00000, 0x000000070da00000, 0x000000070dc00000|  0%| F|  |TAMS 0x000000070da00000, 0x000000070da00000| Untracked 
|  79|0x000000070dc00000, 0x000000070dc00000, 0x000000070de00000|  0%| F|  |TAMS 0x000000070dc00000, 0x000000070dc00000| Untracked 
|  80|0x000000070de00000, 0x000000070de00000, 0x000000070e000000|  0%| F|  |TAMS 0x000000070de00000, 0x000000070de00000| Untracked 
|  81|0x000000070e000000, 0x000000070e000000, 0x000000070e200000|  0%| F|  |TAMS 0x000000070e000000, 0x000000070e000000| Untracked 
|  82|0x000000070e200000, 0x000000070e200000, 0x000000070e400000|  0%| F|  |TAMS 0x000000070e200000, 0x000000070e200000| Untracked 
|  83|0x000000070e400000, 0x000000070e400000, 0x000000070e600000|  0%| F|  |TAMS 0x000000070e400000, 0x000000070e400000| Untracked 
|  84|0x000000070e600000, 0x000000070e600000, 0x000000070e800000|  0%| F|  |TAMS 0x000000070e600000, 0x000000070e600000| Untracked 
|  85|0x000000070e800000, 0x000000070e800000, 0x000000070ea00000|  0%| F|  |TAMS 0x000000070e800000, 0x000000070e800000| Untracked 
|  86|0x000000070ea00000, 0x000000070ea00000, 0x000000070ec00000|  0%| F|  |TAMS 0x000000070ea00000, 0x000000070ea00000| Untracked 
|  87|0x000000070ec00000, 0x000000070ec00000, 0x000000070ee00000|  0%| F|  |TAMS 0x000000070ec00000, 0x000000070ec00000| Untracked 
|  88|0x000000070ee00000, 0x000000070ee00000, 0x000000070f000000|  0%| F|  |TAMS 0x000000070ee00000, 0x000000070ee00000| Untracked 
|  89|0x000000070f000000, 0x000000070f000000, 0x000000070f200000|  0%| F|  |TAMS 0x000000070f000000, 0x000000070f000000| Untracked 
|  90|0x000000070f200000, 0x000000070f200000, 0x000000070f400000|  0%| F|  |TAMS 0x000000070f200000, 0x000000070f200000| Untracked 
|  91|0x000000070f400000, 0x000000070f400000, 0x000000070f600000|  0%| F|  |TAMS 0x000000070f400000, 0x000000070f400000| Untracked 
|  92|0x000000070f600000, 0x000000070f600000, 0x000000070f800000|  0%| F|  |TAMS 0x000000070f600000, 0x000000070f600000| Untracked 
|  93|0x000000070f800000, 0x000000070f800000, 0x000000070fa00000|  0%| F|  |TAMS 0x000000070f800000, 0x000000070f800000| Untracked 
|  94|0x000000070fa00000, 0x000000070fa00000, 0x000000070fc00000|  0%| F|  |TAMS 0x000000070fa00000, 0x000000070fa00000| Untracked 
|  95|0x000000070fc00000, 0x000000070fc00000, 0x000000070fe00000|  0%| F|  |TAMS 0x000000070fc00000, 0x000000070fc00000| Untracked 
|  96|0x000000070fe00000, 0x000000070fe00000, 0x0000000710000000|  0%| F|  |TAMS 0x000000070fe00000, 0x000000070fe00000| Untracked 
|  97|0x0000000710000000, 0x0000000710000000, 0x0000000710200000|  0%| F|  |TAMS 0x0000000710000000, 0x0000000710000000| Untracked 
|  98|0x0000000710200000, 0x0000000710200000, 0x0000000710400000|  0%| F|  |TAMS 0x0000000710200000, 0x0000000710200000| Untracked 
|  99|0x0000000710400000, 0x0000000710400000, 0x0000000710600000|  0%| F|  |TAMS 0x0000000710400000, 0x0000000710400000| Untracked 
| 100|0x0000000710600000, 0x0000000710600000, 0x0000000710800000|  0%| F|  |TAMS 0x0000000710600000, 0x0000000710600000| Untracked 
| 101|0x0000000710800000, 0x0000000710800000, 0x0000000710a00000|  0%| F|  |TAMS 0x0000000710800000, 0x0000000710800000| Untracked 
| 102|0x0000000710a00000, 0x0000000710a00000, 0x0000000710c00000|  0%| F|  |TAMS 0x0000000710a00000, 0x0000000710a00000| Untracked 
| 103|0x0000000710c00000, 0x0000000710c00000, 0x0000000710e00000|  0%| F|  |TAMS 0x0000000710c00000, 0x0000000710c00000| Untracked 
| 104|0x0000000710e00000, 0x0000000710e00000, 0x0000000711000000|  0%| F|  |TAMS 0x0000000710e00000, 0x0000000710e00000| Untracked 
| 105|0x0000000711000000, 0x0000000711000000, 0x0000000711200000|  0%| F|  |TAMS 0x0000000711000000, 0x0000000711000000| Untracked 
| 106|0x0000000711200000, 0x0000000711200000, 0x0000000711400000|  0%| F|  |TAMS 0x0000000711200000, 0x0000000711200000| Untracked 
| 107|0x0000000711400000, 0x0000000711400000, 0x0000000711600000|  0%| F|  |TAMS 0x0000000711400000, 0x0000000711400000| Untracked 
| 108|0x0000000711600000, 0x0000000711600000, 0x0000000711800000|  0%| F|  |TAMS 0x0000000711600000, 0x0000000711600000| Untracked 
| 109|0x0000000711800000, 0x0000000711800000, 0x0000000711a00000|  0%| F|  |TAMS 0x0000000711800000, 0x0000000711800000| Untracked 
| 110|0x0000000711a00000, 0x0000000711a00000, 0x0000000711c00000|  0%| F|  |TAMS 0x0000000711a00000, 0x0000000711a00000| Untracked 
| 111|0x0000000711c00000, 0x0000000711c00000, 0x0000000711e00000|  0%| F|  |TAMS 0x0000000711c00000, 0x0000000711c00000| Untracked 
| 112|0x0000000711e00000, 0x0000000711e00000, 0x0000000712000000|  0%| F|  |TAMS 0x0000000711e00000, 0x0000000711e00000| Untracked 
| 113|0x0000000712000000, 0x0000000712000000, 0x0000000712200000|  0%| F|  |TAMS 0x0000000712000000, 0x0000000712000000| Untracked 
| 114|0x0000000712200000, 0x0000000712200000, 0x0000000712400000|  0%| F|  |TAMS 0x0000000712200000, 0x0000000712200000| Untracked 
| 115|0x0000000712400000, 0x0000000712400000, 0x0000000712600000|  0%| F|  |TAMS 0x0000000712400000, 0x0000000712400000| Untracked 
| 116|0x0000000712600000, 0x0000000712600000, 0x0000000712800000|  0%| F|  |TAMS 0x0000000712600000, 0x0000000712600000| Untracked 
| 117|0x0000000712800000, 0x0000000712800000, 0x0000000712a00000|  0%| F|  |TAMS 0x0000000712800000, 0x0000000712800000| Untracked 
| 118|0x0000000712a00000, 0x0000000712a00000, 0x0000000712c00000|  0%| F|  |TAMS 0x0000000712a00000, 0x0000000712a00000| Untracked 
| 119|0x0000000712c00000, 0x0000000712c00000, 0x0000000712e00000|  0%| F|  |TAMS 0x0000000712c00000, 0x0000000712c00000| Untracked 
| 120|0x0000000712e00000, 0x0000000712e00000, 0x0000000713000000|  0%| F|  |TAMS 0x0000000712e00000, 0x0000000712e00000| Untracked 
| 121|0x0000000713000000, 0x0000000713000000, 0x0000000713200000|  0%| F|  |TAMS 0x0000000713000000, 0x0000000713000000| Untracked 
| 122|0x0000000713200000, 0x0000000713277770, 0x0000000713400000| 23%| E|  |TAMS 0x0000000713200000, 0x0000000713200000| Complete 
| 123|0x0000000713400000, 0x0000000713600000, 0x0000000713600000|100%| E|CS|TAMS 0x0000000713400000, 0x0000000713400000| Complete 
| 124|0x0000000713600000, 0x0000000713800000, 0x0000000713800000|100%| E|CS|TAMS 0x0000000713600000, 0x0000000713600000| Complete 
| 125|0x0000000713800000, 0x0000000713a00000, 0x0000000713a00000|100%| E|  |TAMS 0x0000000713800000, 0x0000000713800000| Complete 
| 126|0x0000000713a00000, 0x0000000713c00000, 0x0000000713c00000|100%| E|CS|TAMS 0x0000000713a00000, 0x0000000713a00000| Complete 

Card table byte_map: [0x000001a270d40000,0x000001a271530000] _byte_map_base: 0x000001a26d521000

Marking Bits (Prev, Next): (CMBitMap*) 0x000001a257836bf0, (CMBitMap*) 0x000001a257836c30
 Prev Bits: [0x000001a271d20000, 0x000001a275c28000)
 Next Bits: [0x000001a275c30000, 0x000001a279b38000)

Polling page: 0x000001a260ab0000

Metaspace:

Usage:
  Non-class:    750.26 KB used.
      Class:     42.00 KB used.
       Both:    792.26 KB used.

Virtual space:
  Non-class space:       64.00 MB reserved,     768.00 KB (  1%) committed,  1 nodes.
      Class space:        1.00 GB reserved,     128.00 KB ( <1%) committed,  1 nodes.
             Both:        1.06 GB reserved,     896.00 KB ( <1%) committed. 

Chunk freelists:
   Non-Class:  11.69 MB
       Class:  15.72 MB
        Both:  27.41 MB

MaxMetaspaceSize: unlimited
CompressedClassSpaceSize: 1.00 GB
Initial GC threshold: 21.00 MB
Current GC threshold: 21.00 MB
CDS: on
MetaspaceReclaimPolicy: balanced
 - commit_granule_bytes: 65536.
 - commit_granule_words: 8192.
 - virtual_space_node_default_size: 8388608.
 - enlarge_chunks_in_place: 1.
 - new_chunks_are_fully_committed: 0.
 - uncommit_free_chunks: 1.
 - use_allocation_guard: 0.
 - handle_deallocations: 1.


Internal statistics:

num_allocs_failed_limit: 0.
num_arena_births: 6.
num_arena_deaths: 0.
num_vsnodes_births: 2.
num_vsnodes_deaths: 0.
num_space_committed: 14.
num_space_uncommitted: 0.
num_chunks_returned_to_freelist: 0.
num_chunks_taken_from_freelist: 21.
num_chunk_merges: 0.
num_chunk_splits: 13.
num_chunks_enlarged: 9.
num_inconsistent_stats: 0.

CodeHeap 'non-profiled nmethods': size=120000Kb used=106Kb max_used=106Kb free=119894Kb
 bounds [0x000001a2685a0000, 0x000001a268810000, 0x000001a26fad0000]
CodeHeap 'profiled nmethods': size=120000Kb used=462Kb max_used=462Kb free=119537Kb
 bounds [0x000001a260ad0000, 0x000001a260d40000, 0x000001a268000000]
CodeHeap 'non-nmethods': size=5760Kb used=1109Kb max_used=1122Kb free=4650Kb
 bounds [0x000001a268000000, 0x000001a268270000, 0x000001a2685a0000]
 total_blobs=691 nmethods=322 adapters=282
 compilation: enabled
              stopped_count=0, restarted_count=0
 full_count=0

Compilation events (20 events):
Event: 0.142 Thread 0x000001a27c6a4930  291       3       java.lang.String::regionMatches (150 bytes)
Event: 0.142 Thread 0x000001a27c683a60 nmethod 292 0x000001a2685b5b10 code [0x000001a2685b5c80, 0x000001a2685b5d38]
Event: 0.142 Thread 0x000001a27c6a4930 nmethod 291 0x000001a260b3c710 code [0x000001a260b3c960, 0x000001a260b3d148]
Event: 0.142 Thread 0x000001a27c6a4930  289       1       java.security.ProtectionDomain::getCodeSource (5 bytes)
Event: 0.142 Thread 0x000001a27c6a4930 nmethod 289 0x000001a2685b5e10 code [0x000001a2685b5fa0, 0x000001a2685b6078]
Event: 0.142 Thread 0x000001a27c6a4930  293       3       java.net.URL::isBuiltinStreamHandler (32 bytes)
Event: 0.143 Thread 0x000001a27c6a4930 nmethod 293 0x000001a260b3d410 code [0x000001a260b3d700, 0x000001a260b3e7f8]
Event: 0.145 Thread 0x000001a27c6a4930  295       3       java.util.zip.ZipUtils::CENLEN (9 bytes)
Event: 0.145 Thread 0x000001a27c6a4930 nmethod 295 0x000001a260b3ed90 code [0x000001a260b3ef40, 0x000001a260b3f218]
Event: 0.146 Thread 0x000001a27c683a60  296 %     4       java.lang.StringCoding::hasNegatives @ 2 (25 bytes)
Event: 0.146 Thread 0x000001a27c6a4930  297       3       java.util.WeakHashMap::hash (28 bytes)
Event: 0.146 Thread 0x000001a27c6a4930 nmethod 297 0x000001a260b3f390 code [0x000001a260b3f540, 0x000001a260b3f728]
Event: 0.146 Thread 0x000001a27c6a4930  298       3       java.util.WeakHashMap::getTable (9 bytes)
Event: 0.146 Thread 0x000001a27c6a4930 nmethod 298 0x000001a260b3f810 code [0x000001a260b3f9a0, 0x000001a260b3fae8]
Event: 0.146 Thread 0x000001a27c6a4930  299   !   3       java.util.WeakHashMap::expungeStaleEntries (139 bytes)
Event: 0.147 Thread 0x000001a27c6a4930 nmethod 299 0x000001a260b3fb90 code [0x000001a260b3fda0, 0x000001a260b407c8]
Event: 0.147 Thread 0x000001a27c6a4930  300       3       java.util.WeakHashMap::indexFor (6 bytes)
Event: 0.147 Thread 0x000001a27c6a4930 nmethod 300 0x000001a260b40c90 code [0x000001a260b40e20, 0x000001a260b40f18]
Event: 0.147 Thread 0x000001a27c6a4930  301       1       jdk.internal.loader.URLClassPath$Loader::getBaseURL (5 bytes)
Event: 0.147 Thread 0x000001a27c6a4930 nmethod 301 0x000001a2685b6510 code [0x000001a2685b66a0, 0x000001a2685b6778]

GC Heap History (0 events):
No events

Dll operation events (5 events):
Event: 0.007 Loaded shared library C:\Program Files\Amazon Corretto\jdk17.0.15_6\bin\java.dll
Event: 0.024 Loaded shared library C:\Program Files\Amazon Corretto\jdk17.0.15_6\bin\jsvml.dll
Event: 0.069 Loaded shared library C:\Program Files\Amazon Corretto\jdk17.0.15_6\bin\net.dll
Event: 0.071 Loaded shared library C:\Program Files\Amazon Corretto\jdk17.0.15_6\bin\nio.dll
Event: 0.073 Loaded shared library C:\Program Files\Amazon Corretto\jdk17.0.15_6\bin\zip.dll

Deoptimization events (20 events):
Event: 0.083 Thread 0x000001a2577ca660 DEOPT PACKING pc=0x000001a260aeb874 sp=0x000000905aff9e60
Event: 0.083 Thread 0x000001a2577ca660 DEOPT UNPACKING pc=0x000001a26805ace3 sp=0x000000905aff92f0 mode 0
Event: 0.083 Thread 0x000001a2577ca660 DEOPT PACKING pc=0x000001a260aeb874 sp=0x000000905aff9e60
Event: 0.083 Thread 0x000001a2577ca660 DEOPT UNPACKING pc=0x000001a26805ace3 sp=0x000000905aff92f0 mode 0
Event: 0.083 Thread 0x000001a2577ca660 DEOPT PACKING pc=0x000001a260aeb874 sp=0x000000905aff9e60
Event: 0.083 Thread 0x000001a2577ca660 DEOPT UNPACKING pc=0x000001a26805ace3 sp=0x000000905aff92f0 mode 0
Event: 0.083 Thread 0x000001a2577ca660 DEOPT PACKING pc=0x000001a260aeb874 sp=0x000000905aff9e60
Event: 0.083 Thread 0x000001a2577ca660 DEOPT UNPACKING pc=0x000001a26805ace3 sp=0x000000905aff92f0 mode 0
Event: 0.083 Thread 0x000001a2577ca660 DEOPT PACKING pc=0x000001a260aeb874 sp=0x000000905aff9e60
Event: 0.083 Thread 0x000001a2577ca660 DEOPT UNPACKING pc=0x000001a26805ace3 sp=0x000000905aff92f0 mode 0
Event: 0.083 Thread 0x000001a2577ca660 DEOPT PACKING pc=0x000001a260aeb874 sp=0x000000905aff9e60
Event: 0.083 Thread 0x000001a2577ca660 DEOPT UNPACKING pc=0x000001a26805ace3 sp=0x000000905aff92f0 mode 0
Event: 0.083 Thread 0x000001a2577ca660 DEOPT PACKING pc=0x000001a260aeb874 sp=0x000000905aff9e60
Event: 0.083 Thread 0x000001a2577ca660 DEOPT UNPACKING pc=0x000001a26805ace3 sp=0x000000905aff92f0 mode 0
Event: 0.084 Thread 0x000001a2577ca660 DEOPT PACKING pc=0x000001a260aeb874 sp=0x000000905aff9e60
Event: 0.084 Thread 0x000001a2577ca660 DEOPT UNPACKING pc=0x000001a26805ace3 sp=0x000000905aff92f0 mode 0
Event: 0.084 Thread 0x000001a2577ca660 DEOPT PACKING pc=0x000001a260aeb874 sp=0x000000905aff9e60
Event: 0.084 Thread 0x000001a2577ca660 DEOPT UNPACKING pc=0x000001a26805ace3 sp=0x000000905aff92f0 mode 0
Event: 0.100 Thread 0x000001a2577ca660 DEOPT PACKING pc=0x000001a260ae57c3 sp=0x000000905affa760
Event: 0.100 Thread 0x000001a2577ca660 DEOPT UNPACKING pc=0x000001a26805ace3 sp=0x000000905aff9b80 mode 0

Classes loaded (20 events):
Event: 0.063 Loading class jdk/internal/loader/URLClassPath$FileLoader$1
Event: 0.063 Loading class jdk/internal/loader/URLClassPath$FileLoader$1 done
Event: 0.066 Loading class sun/nio/cs/UTF_8$Decoder
Event: 0.066 Loading class sun/nio/cs/UTF_8$Decoder done
Event: 0.085 Loading class java/io/BufferedReader
Event: 0.085 Loading class java/io/Reader
Event: 0.085 Loading class java/io/Reader done
Event: 0.085 Loading class java/io/BufferedReader done
Event: 0.086 Loading class java/io/InputStreamReader
Event: 0.086 Loading class java/io/InputStreamReader done
Event: 0.086 Loading class sun/nio/cs/StreamDecoder
Event: 0.086 Loading class sun/nio/cs/StreamDecoder done
Event: 0.086 Loading class java/util/Vector
Event: 0.086 Loading class java/util/Vector done
Event: 0.100 Loading class java/util/EventObject
Event: 0.100 Loading class java/util/EventObject done
Event: 0.135 Loading class java/lang/IllegalStateException
Event: 0.135 Loading class java/lang/IllegalStateException done
Event: 0.140 Loading class java/util/EventListener
Event: 0.140 Loading class java/util/EventListener done

Classes unloaded (0 events):
No events

Classes redefined (0 events):
No events

Internal exceptions (0 events):
No events

VM Operations (2 events):
Event: 0.076 Executing VM operation: HandshakeAllThreads
Event: 0.077 Executing VM operation: HandshakeAllThreads done

Memory protections (0 events):
No events

Nmethod flushes (0 events):
No events

Events (14 events):
Event: 0.024 Thread 0x000001a2577ca660 Thread added: 0x000001a2577ca660
Event: 0.026 Thread 0x000001a2577ca660 Thread added: 0x000001a27c6530b0
Event: 0.026 Thread 0x000001a2577ca660 Thread added: 0x000001a27c654290
Event: 0.030 Thread 0x000001a2577ca660 Thread added: 0x000001a27c666850
Event: 0.030 Thread 0x000001a2577ca660 Thread added: 0x000001a27c66b330
Event: 0.030 Thread 0x000001a2577ca660 Thread added: 0x000001a27c66de00
Event: 0.030 Thread 0x000001a2577ca660 Thread added: 0x000001a27c670fe0
Event: 0.030 Thread 0x000001a2577ca660 Thread added: 0x000001a27c683a60
Event: 0.030 Thread 0x000001a2577ca660 Thread added: 0x000001a27c6a4930
Event: 0.030 Thread 0x000001a2577ca660 Thread added: 0x000001a27c6adb00
Event: 0.061 Thread 0x000001a2577ca660 Thread added: 0x000001a27c7cf370
Event: 0.064 Thread 0x000001a2577ca660 Thread added: 0x000001a27c7ddcd0
Event: 0.097 Thread 0x000001a27c683a60 Thread added: 0x000001a27c8f5730
Event: 0.101 Thread 0x000001a27c6a4930 Thread added: 0x000001a27c8f5c50


Dynamic libraries:
0x00007ff6c0930000 - 0x00007ff6c093e000 	C:\Program Files\Amazon Corretto\jdk17.0.15_6\bin\javaw.exe
0x00007ffb03110000 - 0x00007ffb03328000 	C:\WINDOWS\SYSTEM32\ntdll.dll
0x00007ffb023b0000 - 0x00007ffb02474000 	C:\WINDOWS\System32\KERNEL32.DLL
0x00007ffb004f0000 - 0x00007ffb008c3000 	C:\WINDOWS\System32\KERNELBASE.dll
0x00007ffb00c10000 - 0x00007ffb00d21000 	C:\WINDOWS\System32\ucrtbase.dll
0x00007ffaf2860000 - 0x00007ffaf2877000 	C:\Program Files\Amazon Corretto\jdk17.0.15_6\bin\jli.dll
0x00007ffae60a0000 - 0x00007ffae60bb000 	C:\Program Files\Amazon Corretto\jdk17.0.15_6\bin\VCRUNTIME140.dll
0x00007ffb02e60000 - 0x00007ffb03012000 	C:\WINDOWS\System32\USER32.dll
0x00007ffb00210000 - 0x00007ffb00236000 	C:\WINDOWS\System32\win32u.dll
0x00007ffae0660000 - 0x00007ffae08fc000 	C:\WINDOWS\WinSxS\amd64_microsoft.windows.common-controls_6595b64144ccf1df_6.0.22621.6060_none_2712eda17382d24b\COMCTL32.dll
0x00007ffb02c80000 - 0x00007ffb02ca9000 	C:\WINDOWS\System32\GDI32.dll
0x00007ffb008d0000 - 0x00007ffb009f3000 	C:\WINDOWS\System32\gdi32full.dll
0x00007ffb02040000 - 0x00007ffb020e7000 	C:\WINDOWS\System32\msvcrt.dll
0x00007ffb00ac0000 - 0x00007ffb00b5a000 	C:\WINDOWS\System32\msvcp_win.dll
0x00007ffb02c40000 - 0x00007ffb02c71000 	C:\WINDOWS\System32\IMM32.DLL
0x00007ffaf61e0000 - 0x00007ffaf61ec000 	C:\Program Files\Amazon Corretto\jdk17.0.15_6\bin\vcruntime140_1.dll
0x00007ffa908b0000 - 0x00007ffa9093d000 	C:\Program Files\Amazon Corretto\jdk17.0.15_6\bin\msvcp140.dll
0x00007ffa2c9d0000 - 0x00007ffa2d63c000 	C:\Program Files\Amazon Corretto\jdk17.0.15_6\bin\server\jvm.dll
0x00007ffb02720000 - 0x00007ffb027d1000 	C:\WINDOWS\System32\ADVAPI32.dll
0x00007ffb03020000 - 0x00007ffb030c8000 	C:\WINDOWS\System32\sechost.dll
0x00007ffb00be0000 - 0x00007ffb00c08000 	C:\WINDOWS\System32\bcrypt.dll
0x00007ffb02600000 - 0x00007ffb02718000 	C:\WINDOWS\System32\RPCRT4.dll
0x00007ffb02220000 - 0x00007ffb02291000 	C:\WINDOWS\System32\WS2_32.dll
0x00007ffaffad0000 - 0x00007ffaffb1d000 	C:\WINDOWS\SYSTEM32\POWRPROF.dll
0x00007ffaf94c0000 - 0x00007ffaf94f4000 	C:\WINDOWS\SYSTEM32\WINMM.dll
0x00007ffaf15a0000 - 0x00007ffaf15aa000 	C:\WINDOWS\SYSTEM32\VERSION.dll
0x00007ffaffab0000 - 0x00007ffaffac3000 	C:\WINDOWS\SYSTEM32\UMPDC.dll
0x00007ffaff1b0000 - 0x00007ffaff1c8000 	C:\WINDOWS\SYSTEM32\kernel.appcore.dll
0x00007ffaf4a90000 - 0x00007ffaf4a9a000 	C:\Program Files\Amazon Corretto\jdk17.0.15_6\bin\jimage.dll
0x00007ffafdaf0000 - 0x00007ffafdd23000 	C:\WINDOWS\SYSTEM32\DBGHELP.DLL
0x00007ffb02890000 - 0x00007ffb02c22000 	C:\WINDOWS\System32\combase.dll
0x00007ffb02140000 - 0x00007ffb02218000 	C:\WINDOWS\System32\OLEAUT32.dll
0x00007ffae4390000 - 0x00007ffae43c2000 	C:\WINDOWS\SYSTEM32\dbgcore.DLL
0x00007ffb00d30000 - 0x00007ffb00dab000 	C:\WINDOWS\System32\bcryptPrimitives.dll
0x00007ffae1c00000 - 0x00007ffae1c25000 	C:\Program Files\Amazon Corretto\jdk17.0.15_6\bin\java.dll
0x00007ffa8ed70000 - 0x00007ffa8ee47000 	C:\Program Files\Amazon Corretto\jdk17.0.15_6\bin\jsvml.dll
0x00007ffb01730000 - 0x00007ffb01fce000 	C:\WINDOWS\System32\SHELL32.dll
0x00007ffb003b0000 - 0x00007ffb004ef000 	C:\WINDOWS\System32\wintypes.dll
0x00007ffafe0a0000 - 0x00007ffafe9b8000 	C:\WINDOWS\SYSTEM32\windows.storage.dll
0x00007ffb00fa0000 - 0x00007ffb010a4000 	C:\WINDOWS\System32\SHCORE.dll
0x00007ffb02480000 - 0x00007ffb024e9000 	C:\WINDOWS\System32\shlwapi.dll
0x00007ffb00140000 - 0x00007ffb00165000 	C:\WINDOWS\SYSTEM32\profapi.dll
0x00007ffad2670000 - 0x00007ffad2689000 	C:\Program Files\Amazon Corretto\jdk17.0.15_6\bin\net.dll
0x00007ffafba60000 - 0x00007ffafbb8c000 	C:\WINDOWS\SYSTEM32\WINHTTP.dll
0x00007ffaff670000 - 0x00007ffaff6d9000 	C:\WINDOWS\system32\mswsock.dll
0x00007ffad20d0000 - 0x00007ffad20e6000 	C:\Program Files\Amazon Corretto\jdk17.0.15_6\bin\nio.dll
0x00007ffacbf90000 - 0x00007ffacbfa8000 	C:\Program Files\Amazon Corretto\jdk17.0.15_6\bin\zip.dll

dbghelp: loaded successfully - version: 4.0.5 - missing functions: none
symbol engine: initialized successfully - sym options: 0x614 - pdb path: .;C:\Program Files\Amazon Corretto\jdk17.0.15_6\bin;C:\WINDOWS\SYSTEM32;C:\WINDOWS\WinSxS\amd64_microsoft.windows.common-controls_6595b64144ccf1df_6.0.22621.6060_none_2712eda17382d24b;C:\Program Files\Amazon Corretto\jdk17.0.15_6\bin\server

VM Arguments:
jvm_args: -Dfile.encoding=UTF-8 -Dstdout.encoding=UTF-8 -Dstderr.encoding=UTF-8 -XX:+ShowCodeDetailsInExceptionMessages 
java_command: com.studnetmentor.student_mentor_backend.StudentMentorBackendApplication
java_class_path (initial): D:\Downloads\student-mentor-backend\student-mentor-backend\target\classes;C:\Users\Aman Kandagal\.m2\repository\org\springframework\boot\spring-boot-starter-web\3.3.0\spring-boot-starter-web-3.3.0.jar;C:\Users\Aman Kandagal\.m2\repository\org\springframework\boot\spring-boot-starter\3.3.0\spring-boot-starter-3.3.0.jar;C:\Users\Aman Kandagal\.m2\repository\org\springframework\boot\spring-boot\3.3.0\spring-boot-3.3.0.jar;C:\Users\Aman Kandagal\.m2\repository\org\springframework\boot\spring-boot-autoconfigure\3.3.0\spring-boot-autoconfigure-3.3.0.jar;C:\Users\Aman Kandagal\.m2\repository\org\springframework\boot\spring-boot-starter-logging\3.3.0\spring-boot-starter-logging-3.3.0.jar;C:\Users\Aman Kandagal\.m2\repository\ch\qos\logback\logback-classic\1.5.6\logback-classic-1.5.6.jar;C:\Users\Aman Kandagal\.m2\repository\ch\qos\logback\logback-core\1.5.6\logback-core-1.5.6.jar;C:\Users\Aman Kandagal\.m2\repository\org\apache\logging\log4j\log4j-to-slf4j\2.23.1\log4j-to-slf4j-2.23.1.jar;C:\Users\Aman Kandagal\.m2\repository\org\apache\logging\log4j\log4j-api\2.23.1\log4j-api-2.23.1.jar;C:\Users\Aman Kandagal\.m2\repository\org\slf4j\jul-to-slf4j\2.0.13\jul-to-slf4j-2.0.13.jar;C:\Users\Aman Kandagal\.m2\repository\jakarta\annotation\jakarta.annotation-api\2.1.1\jakarta.annotation-api-2.1.1.jar;C:\Users\Aman Kandagal\.m2\repository\org\yaml\snakeyaml\2.2\snakeyaml-2.2.jar;C:\Users\Aman Kandagal\.m2\repository\org\springframework\boot\spring-boot-starter-json\3.3.0\spring-boot-starter-json-3.3.0.jar;C:\Users\Aman Kandagal\.m2\repository\com\fasterxml\jackson\datatype\jackson-datatype-jdk8\2.17.1\jackson-datatype-jdk8-2.17.1.jar;C:\Users\Aman Kandagal\.m2\repository\com\fasterxml\jackson\datatype\jackson-datatype-jsr310\2.17.1\jackson-datatype-jsr310-2.17.1.jar;C:\Users\Aman Kandagal\.m2\repository\com\fasterxml\jackson\module\jackson-module-parameter-names\2.17.1\jackson-module-parameter-names-2.17.1.jar;C:\Users\Aman Kandagal\.m2\repository\org\
Launcher Type: SUN_STANDARD

[Global flags]
     intx CICompilerCount                          = 4                                         {product} {ergonomic}
     uint ConcGCThreads                            = 2                                         {product} {ergonomic}
     uint G1ConcRefinementThreads                  = 8                                         {product} {ergonomic}
   size_t G1HeapRegionSize                         = 2097152                                   {product} {ergonomic}
    uintx GCDrainStackTargetSize                   = 64                                        {product} {ergonomic}
   size_t InitialHeapSize                          = 266338304                                 {product} {ergonomic}
   size_t MarkStackSize                            = 4194304                                   {product} {ergonomic}
   size_t MaxHeapSize                              = 4229955584                                {product} {ergonomic}
   size_t MaxNewSize                               = 2537553920                                {product} {ergonomic}
   size_t MinHeapDeltaBytes                        = 2097152                                   {product} {ergonomic}
   size_t MinHeapSize                              = 8388608                                   {product} {ergonomic}
    uintx NonNMethodCodeHeapSize                   = 5839372                                {pd product} {ergonomic}
    uintx NonProfiledCodeHeapSize                  = 122909434                              {pd product} {ergonomic}
    uintx ProfiledCodeHeapSize                     = 122909434                              {pd product} {ergonomic}
    uintx ReservedCodeCacheSize                    = 251658240                              {pd product} {ergonomic}
     bool SegmentedCodeCache                       = true                                      {product} {ergonomic}
     bool ShowCodeDetailsInExceptionMessages       = true                                   {manageable} {command line}
   size_t SoftMaxHeapSize                          = 4229955584                             {manageable} {ergonomic}
     bool UseCompressedClassPointers               = true                           {product lp64_product} {ergonomic}
     bool UseCompressedOops                        = true                           {product lp64_product} {ergonomic}
     bool UseG1GC                                  = true                                      {product} {ergonomic}
     bool UseLargePagesIndividualAllocation        = false                                  {pd product} {ergonomic}

Logging:
Log output configuration:
 #0: stdout all=warning uptime,level,tags
 #1: stderr all=off uptime,level,tags

Environment Variables:
JAVA_HOME=C:\Java\jre1.8.0_351\bin
PATH=C:/Users/Aman Kandagal/.p2/pool/plugins/org.eclipse.justj.openjdk.hotspot.jre.full.win32.x86_64_21.0.8.v20250724-1412/jre/bin/server;C:/Users/Aman Kandagal/.p2/pool/plugins/org.eclipse.justj.openjdk.hotspot.jre.full.win32.x86_64_21.0.8.v20250724-1412/jre/bin;C:\Program Files\Amazon Corretto\jdk17.0.15_6\bin;D:\oracle\product\10.2.0\db_1\bin;C:\Program Files (x86)\Common Files\Oracle\Java\javapath;C:\WINDOWS\system32;C:\WINDOWS;C:\WINDOWS\System32\Wbem;C:\WINDOWS\System32\WindowsPowerShell\v1.0\;C:\WINDOWS\System32\OpenSSH\;C:\MinGW\bin;C:\Program Files\MongoDB\Server\7.0\bin;C:\Program Files\MySQL\MySQL Server 8.0\bin;C:\Java\jre1.8.0_351\bin;C:\hadoop\bin;C:\hadoop\sbin;C:\Program Files\Docker\Docker\resources\bin;C:\ProgramData\chocolatey\bin;C:\Program Files\Vagrant\bin;C:\Program Files\Git\cmd;C:\ProgramData\chocolatey\lib\maven\apache-maven-3.9.11\bin;C:\Program Files\Amazon\AWSCLIV2\;C:\Program Files\nodejs\;C:\Program Files\MySQL\MySQL Shell 8.0\bin\;C:\Users\Aman Kandagal\AppData\Local\Programs\Python\Python313\Scripts\;C:\Users\Aman Kandagal\AppData\Local\Programs\Python\Python313\;C:\Users\Aman Kandagal\AppData\Local\Programs\Python\Launcher\;C:\Users\Aman Kandagal\AppData\Local\Microsoft\WindowsApps;C:\Users\Aman Kandagal\AppData\Local\Programs\Microsoft VS Code\bin;C:\Program Files\Git\bin;C:\Program Files\JetBrains\IntelliJ IDEA Community Edition 2023.2.5\bin;;C:\Program Files\mongosh\;C:\Program Files\JetBrains\PyCharm Community Edition 2024.1.4\bin;;C:\Program Files\Oracle\VirtualBox;C:\Users\Aman Kandagal\AppData\Roaming\npm;C:\WINDOWS\System32;
USERNAME=Aman Kandagal
OS=Windows_NT
PROCESSOR_IDENTIFIER=Intel64 Family 6 Model 140 Stepping 1, GenuineIntel
TMP=C:\Users\AMANKA~1\AppData\Local\Temp
TEMP=C:\Users\AMANKA~1\AppData\Local\Temp



Periodic native trim disabled


---------------  S Y S T E M  ---------------

OS:
 Windows 11 , 64 bit Build 22621 (10.0.22621.5415)
OS uptime: 2 days 19:32 hours
Hyper-V role detected

CPU: total 8 (initial active 8) (4 cores per cpu, 2 threads per core) family 6 model 140 stepping 1 microcode 0x9a, cx8, cmov, fxsr, ht, mmx, 3dnowpref, sse, sse2, sse3, ssse3, sse4.1, sse4.2, popcnt, lzcnt, tsc, tscinvbit, avx, avx2, aes, erms, clmul, bmi1, bmi2, adx, avx512f, avx512dq, avx512cd, avx512bw, avx512vl, sha, fma, vzeroupper, avx512_vpopcntdq, avx512_vpclmulqdq, avx512_vaes, avx512_vnni, clflush, clflushopt, clwb, avx512_vbmi2, avx512_vbmi, hv
Processor Information for processor 0
  Max Mhz: 2803, Current Mhz: 1201, Mhz Limit: 2803
Processor Information for processor 1
  Max Mhz: 2803, Current Mhz: 2803, Mhz Limit: 2803
Processor Information for processor 2
  Max Mhz: 2803, Current Mhz: 2803, Mhz Limit: 2803
Processor Information for processor 3
  Max Mhz: 2803, Current Mhz: 2803, Mhz Limit: 2803
Processor Information for processor 4
  Max Mhz: 2803, Current Mhz: 1201, Mhz Limit: 2803
Processor Information for processor 5
  Max Mhz: 2803, Current Mhz: 2803, Mhz Limit: 2803
Processor Information for processor 6
  Max Mhz: 2803, Current Mhz: 1201, Mhz Limit: 2803
Processor Information for processor 7
  Max Mhz: 2803, Current Mhz: 2803, Mhz Limit: 2803

Memory: 4k page, system-wide physical 16129M (3488M free)
TotalPageFile size 18320M (AvailPageFile size 1M)
current process WorkingSet (physical memory assigned to process): 47M, peak: 47M
current process commit charge ("private bytes"): 346M, peak: 346M

vm_info: OpenJDK 64-Bit Server VM (17.0.15+6-LTS) for windows-amd64 JRE (17.0.15+6-LTS), built on Apr  9 2025 23:33:55 by "Administrator" with MS VC++ 16.10 / 16.11 (VS2019)

END.
